  Realtime-classifier.cpp
C:\Users\migue\Documents\_TFG\_HAND_TRACKING_SAMPLES_D400 ORIGINAL\hand_tracking_samples_D400-master-Miguel\include\extra\tcpsocket.h(77,20): warning C4244: 'argument': conversion from 'SOCKET' to 'int', possible loss of data
C:\Users\migue\Documents\_TFG\_HAND_TRACKING_SAMPLES_D400 ORIGINAL\hand_tracking_samples_D400-master-Miguel\include\extra\tcpsocket.h(104,25): warning C4267: 'argument': conversion from 'size_t' to 'int', possible loss of data
C:\Users\migue\Documents\_TFG\_HAND_TRACKING_SAMPLES_D400 ORIGINAL\hand_tracking_samples_D400-master-Miguel\include\extra\tcpsocket.h(201,18): warning C4477: 'sprintf' : format string '%d' requires an argument of type 'int', but variadic argument 1 has type 'unsigned __int64'
C:\Users\migue\Documents\_TFG\_HAND_TRACKING_SAMPLES_D400 ORIGINAL\hand_tracking_samples_D400-master-Miguel\include\extra\tcpsocket.h(201,18): message : consider using '%zd' in the format string
C:\Users\migue\Documents\_TFG\_HAND_TRACKING_SAMPLES_D400 ORIGINAL\hand_tracking_samples_D400-master-Miguel\include\extra\tcpsocket.h(202,40): warning C4267: 'argument': conversion from 'size_t' to 'int', possible loss of data
C:\Users\migue\Documents\_TFG\_HAND_TRACKING_SAMPLES_D400 ORIGINAL\hand_tracking_samples_D400-master-Miguel\include\extra\tcpsocket.h(204,40): warning C4267: 'argument': conversion from 'size_t' to 'int', possible loss of data
C:\Users\migue\Documents\_TFG\_HAND_TRACKING_SAMPLES_D400 ORIGINAL\hand_tracking_samples_D400-master-Miguel\include\extra\tcpsocket.h(201,2): warning C4996: 'sprintf': This function or variable may be unsafe. Consider using sprintf_s instead. To disable deprecation, use _CRT_SECURE_NO_WARNINGS. See online help for details.
C:\Users\migue\Documents\_TFG\_HAND_TRACKING_SAMPLES_D400 ORIGINAL\hand_tracking_samples_D400-master-Miguel\include\extra\tcpsocket.h(203,2): warning C4996: 'sprintf': This function or variable may be unsafe. Consider using sprintf_s instead. To disable deprecation, use _CRT_SECURE_NO_WARNINGS. See online help for details.
C:\Users\migue\Documents\_TFG\_HAND_TRACKING_SAMPLES_D400 ORIGINAL\hand_tracking_samples_D400-master-Miguel\Real-time classifier\Realtime-classifier.cpp(208,22): warning C4244: 'initializing': conversion from '__int64' to 'int', possible loss of data
C:\Users\migue\Documents\_TFG\_HAND_TRACKING_SAMPLES_D400 ORIGINAL\hand_tracking_samples_D400-master-Miguel\Real-time classifier\Realtime-classifier.cpp(209,26): warning C4244: 'initializing': conversion from '__int64' to 'int', possible loss of data
  Generating code
  1 of 6585 functions (<0.1%) were compiled, the rest were copied from previous compilation.
    0 functions were new in current compilation
    2 functions had inline decision re-evaluated but remain unchanged
  Finished generating code
  Realtime-classifier.vcxproj -> C:\Users\migue\Documents\_TFG\_HAND_TRACKING_SAMPLES_D400 ORIGINAL\hand_tracking_samples_D400-master-Miguel\Real-time classifier\Realtime-classifier_Release_x64.exe
  Copy Intel RealSense SDK 2.0 shared module next to the application
  C:\Program Files (x86)\Intel RealSense SDK 2.0\bin\x64\realsense2.dll
  1 File(s) copied
