  realtime-tracker.cpp
realtime-tracker.obj : error LNK2001: unresolved external symbol _rs2_delete_frame_queue
realtime-tracker.obj : error LNK2001: unresolved external symbol _rs2_get_video_stream_intrinsics
realtime-tracker.obj : error LNK2001: unresolved external symbol _rs2_get_stream_profiles_count
realtime-tracker.obj : error LNK2001: unresolved external symbol _rs2_get_frame_data
realtime-tracker.obj : error LNK2001: unresolved external symbol _rs2_create_config
realtime-tracker.obj : error LNK2001: unresolved external symbol _rs2_create_align
realtime-tracker.obj : error LNK2001: unresolved external symbol _rs2_get_stream_profile
realtime-tracker.obj : error LNK2001: unresolved external symbol _rs2_get_failed_function
realtime-tracker.obj : error LNK2001: unresolved external symbol _rs2_delete_pipeline_profile
realtime-tracker.obj : error LNK2001: unresolved external symbol _rs2_pipeline_profile_get_device
realtime-tracker.obj : error LNK2001: unresolved external symbol _rs2_config_enable_stream
realtime-tracker.obj : error LNK2001: unresolved external symbol _rs2_pipeline_profile_get_streams
realtime-tracker.obj : error LNK2001: unresolved external symbol _rs2_get_device_count
realtime-tracker.obj : error LNK2001: unresolved external symbol _rs2_pipeline_wait_for_frames
realtime-tracker.obj : error LNK2001: unresolved external symbol _rs2_get_depth_scale
realtime-tracker.obj : error LNK2001: unresolved external symbol _rs2_release_frame
realtime-tracker.obj : error LNK2001: unresolved external symbol _rs2_get_stream_profile_data
realtime-tracker.obj : error LNK2001: unresolved external symbol _rs2_get_error_message
realtime-tracker.obj : error LNK2001: unresolved external symbol _rs2_embedded_frames_count
realtime-tracker.obj : error LNK2001: unresolved external symbol _rs2_get_sensors_count
realtime-tracker.obj : error LNK2001: unresolved external symbol _rs2_delete_sensor_list
realtime-tracker.obj : error LNK2001: unresolved external symbol _rs2_create_device
realtime-tracker.obj : error LNK2001: unresolved external symbol _rs2_process_frame
realtime-tracker.obj : error LNK2001: unresolved external symbol _rs2_is_frame_extendable_to
realtime-tracker.obj : error LNK2001: unresolved external symbol _rs2_get_device_info
realtime-tracker.obj : error LNK2001: unresolved external symbol _rs2_free_error
realtime-tracker.obj : error LNK2001: unresolved external symbol _rs2_create_frame_queue
realtime-tracker.obj : error LNK2001: unresolved external symbol _rs2_query_devices
realtime-tracker.obj : error LNK2001: unresolved external symbol _rs2_delete_stream_profiles_list
realtime-tracker.obj : error LNK2001: unresolved external symbol _rs2_create_sensor
realtime-tracker.obj : error LNK2001: unresolved external symbol _rs2_get_librealsense_exception_type
realtime-tracker.obj : error LNK2001: unresolved external symbol _rs2_frame_add_ref
realtime-tracker.obj : error LNK2001: unresolved external symbol _rs2_get_video_stream_resolution
realtime-tracker.obj : error LNK2001: unresolved external symbol _rs2_poll_for_frame
realtime-tracker.obj : error LNK2001: unresolved external symbol _rs2_pipeline_start_with_config
realtime-tracker.obj : error LNK2001: unresolved external symbol _rs2_delete_device_list
realtime-tracker.obj : error LNK2001: unresolved external symbol _rs2_enqueue_frame
realtime-tracker.obj : error LNK2001: unresolved external symbol _rs2_delete_config
realtime-tracker.obj : error LNK2001: unresolved external symbol _rs2_extract_frame
realtime-tracker.obj : error LNK2001: unresolved external symbol _rs2_delete_sensor
realtime-tracker.obj : error LNK2001: unresolved external symbol _rs2_create_pipeline
realtime-tracker.obj : error LNK2001: unresolved external symbol _rs2_create_context
realtime-tracker.obj : error LNK2001: unresolved external symbol _rs2_start_processing
realtime-tracker.obj : error LNK2001: unresolved external symbol _rs2_is_sensor_extendable_to
realtime-tracker.obj : error LNK2001: unresolved external symbol _rs2_delete_processing_block
realtime-tracker.obj : error LNK2001: unresolved external symbol _rs2_is_stream_profile_default
realtime-tracker.obj : error LNK2001: unresolved external symbol _rs2_delete_device
realtime-tracker.obj : error LNK2001: unresolved external symbol _rs2_get_frame_stream_profile
realtime-tracker.obj : error LNK2001: unresolved external symbol _rs2_get_failed_args
realtime-tracker.obj : error LNK2001: unresolved external symbol _rs2_delete_context
realtime-tracker.obj : error LNK2001: unresolved external symbol _rs2_delete_pipeline
realtime-tracker.obj : error LNK2001: unresolved external symbol _rs2_query_sensors
realtime-tracker.obj : error LNK2001: unresolved external symbol _rs2_stream_profile_is
C:\Users\migue\Documents\_TFG\Visual Studio\hand_tracking_samples_D400-master\realtime-hand-tracker\realtime-hand-tracker-vs2017_Release_Win32.exe : fatal error LNK1120: 53 unresolved externals
