  realtime-annotator.cpp
realtime-annotator.obj : error LNK2019: unresolved external symbol _rs2_get_librealsense_exception_type referenced in function "public: __thiscall rs2::error::error(struct rs2_error *)" (??0error@rs2@@QAE@PAUrs2_error@@@Z)
realtime-annotator.obj : error LNK2019: unresolved external symbol _rs2_get_failed_function referenced in function "public: __thiscall rs2::error::error(struct rs2_error *)" (??0error@rs2@@QAE@PAUrs2_error@@@Z)
realtime-annotator.obj : error LNK2019: unresolved external symbol _rs2_get_failed_args referenced in function "public: __thiscall rs2::error::error(struct rs2_error *)" (??0error@rs2@@QAE@PAUrs2_error@@@Z)
realtime-annotator.obj : error LNK2019: unresolved external symbol _rs2_get_error_message referenced in function "public: __thiscall rs2::error::error(struct rs2_error *)" (??0error@rs2@@QAE@PAUrs2_error@@@Z)
realtime-annotator.obj : error LNK2019: unresolved external symbol _rs2_free_error referenced in function "public: __thiscall rs2::error::error(struct rs2_error *)" (??0error@rs2@@QAE@PAUrs2_error@@@Z)
realtime-annotator.obj : error LNK2019: unresolved external symbol _rs2_create_context referenced in function "public: __thiscall rs2::context::context(void)" (??0context@rs2@@QAE@XZ)
realtime-annotator.obj : error LNK2019: unresolved external symbol _rs2_delete_context referenced in function "public: __thiscall rs2::context::context(void)" (??0context@rs2@@QAE@XZ)
realtime-annotator.obj : error LNK2019: unresolved external symbol _rs2_query_devices referenced in function "public: class rs2::device_list __thiscall rs2::context::query_devices(void)const " (?query_devices@context@rs2@@QBE?AVdevice_list@2@XZ)
realtime-annotator.obj : error LNK2019: unresolved external symbol _rs2_delete_sensor_list referenced in function "public: class std::vector<class rs2::sensor,class std::allocator<class rs2::sensor> > __thiscall rs2::device::query_sensors(void)const " (?query_sensors@device@rs2@@QBE?AV?$vector@Vsensor@rs2@@V?$allocator@Vsensor@rs2@@@std@@@std@@XZ)
realtime-annotator.obj : error LNK2019: unresolved external symbol _rs2_get_sensors_count referenced in function "public: class std::vector<class rs2::sensor,class std::allocator<class rs2::sensor> > __thiscall rs2::device::query_sensors(void)const " (?query_sensors@device@rs2@@QBE?AV?$vector@Vsensor@rs2@@V?$allocator@Vsensor@rs2@@@std@@@std@@XZ)
realtime-annotator.obj : error LNK2019: unresolved external symbol _rs2_delete_sensor referenced in function "public: class std::vector<class rs2::sensor,class std::allocator<class rs2::sensor> > __thiscall rs2::device::query_sensors(void)const " (?query_sensors@device@rs2@@QBE?AV?$vector@Vsensor@rs2@@V?$allocator@Vsensor@rs2@@@std@@@std@@XZ)
realtime-annotator.obj : error LNK2019: unresolved external symbol _rs2_create_sensor referenced in function "public: class std::vector<class rs2::sensor,class std::allocator<class rs2::sensor> > __thiscall rs2::device::query_sensors(void)const " (?query_sensors@device@rs2@@QBE?AV?$vector@Vsensor@rs2@@V?$allocator@Vsensor@rs2@@@std@@@std@@XZ)
realtime-annotator.obj : error LNK2019: unresolved external symbol _rs2_is_sensor_extendable_to referenced in function "public: __thiscall rs2::depth_sensor::depth_sensor(class rs2::sensor)" (??0depth_sensor@rs2@@QAE@Vsensor@1@@Z)
realtime-annotator.obj : error LNK2019: unresolved external symbol _rs2_get_depth_scale referenced in function "public: float __thiscall rs2::depth_sensor::get_depth_scale(void)const " (?get_depth_scale@depth_sensor@rs2@@QBEMXZ)
realtime-annotator.obj : error LNK2019: unresolved external symbol _rs2_get_stream_profile referenced in function "public: class std::vector<class rs2::stream_profile,class std::allocator<class rs2::stream_profile> > __thiscall rs2::pipeline_profile::get_streams(void)const " (?get_streams@pipeline_profile@rs2@@QBE?AV?$vector@Vstream_profile@rs2@@V?$allocator@Vstream_profile@rs2@@@std@@@std@@XZ)
realtime-annotator.obj : error LNK2019: unresolved external symbol _rs2_get_stream_profile_data referenced in function "protected: __thiscall rs2::stream_profile::stream_profile(struct rs2_stream_profile const *)" (??0stream_profile@rs2@@IAE@PBUrs2_stream_profile@@@Z)
realtime-annotator.obj : error LNK2019: unresolved external symbol _rs2_stream_profile_is referenced in function "public: __thiscall rs2::video_stream_profile::video_stream_profile(class rs2::stream_profile const &)" (??0video_stream_profile@rs2@@QAE@ABVstream_profile@1@@Z)
realtime-annotator.obj : error LNK2019: unresolved external symbol _rs2_get_video_stream_resolution referenced in function "public: __thiscall rs2::video_stream_profile::video_stream_profile(class rs2::stream_profile const &)" (??0video_stream_profile@rs2@@QAE@ABVstream_profile@1@@Z)
realtime-annotator.obj : error LNK2019: unresolved external symbol _rs2_is_stream_profile_default referenced in function "protected: __thiscall rs2::stream_profile::stream_profile(struct rs2_stream_profile const *)" (??0stream_profile@rs2@@IAE@PBUrs2_stream_profile@@@Z)
realtime-annotator.obj : error LNK2019: unresolved external symbol _rs2_get_stream_profiles_count referenced in function "public: class std::vector<class rs2::stream_profile,class std::allocator<class rs2::stream_profile> > __thiscall rs2::pipeline_profile::get_streams(void)const " (?get_streams@pipeline_profile@rs2@@QBE?AV?$vector@Vstream_profile@rs2@@V?$allocator@Vstream_profile@rs2@@@std@@@std@@XZ)
realtime-annotator.obj : error LNK2019: unresolved external symbol _rs2_delete_stream_profiles_list referenced in function "public: class std::vector<class rs2::stream_profile,class std::allocator<class rs2::stream_profile> > __thiscall rs2::pipeline_profile::get_streams(void)const " (?get_streams@pipeline_profile@rs2@@QBE?AV?$vector@Vstream_profile@rs2@@V?$allocator@Vstream_profile@rs2@@@std@@@std@@XZ)
realtime-annotator.obj : error LNK2019: unresolved external symbol _rs2_get_video_stream_intrinsics referenced in function "public: struct rs2_intrinsics __thiscall rs2::video_stream_profile::get_intrinsics(void)const " (?get_intrinsics@video_stream_profile@rs2@@QBE?AUrs2_intrinsics@@XZ)
realtime-annotator.obj : error LNK2019: unresolved external symbol _rs2_get_device_count referenced in function "public: unsigned int __thiscall rs2::device_list::size(void)const " (?size@device_list@rs2@@QBEIXZ)
realtime-annotator.obj : error LNK2019: unresolved external symbol _rs2_delete_device_list referenced in function "public: class rs2::device_list __thiscall rs2::context::query_devices(void)const " (?query_devices@context@rs2@@QBE?AVdevice_list@2@XZ)
realtime-annotator.obj : error LNK2019: unresolved external symbol _rs2_create_device referenced in function "public: class rs2::device __thiscall rs2::device_list::operator[](unsigned int)const " (??Adevice_list@rs2@@QBE?AVdevice@1@I@Z)
realtime-annotator.obj : error LNK2019: unresolved external symbol _rs2_delete_device referenced in function "public: class rs2::device __thiscall rs2::device_list::operator[](unsigned int)const " (??Adevice_list@rs2@@QBE?AVdevice@1@I@Z)
realtime-annotator.obj : error LNK2019: unresolved external symbol _rs2_get_device_info referenced in function "public: char const * __thiscall rs2::device::get_info(enum rs2_camera_info)const " (?get_info@device@rs2@@QBEPBDW4rs2_camera_info@@@Z)
realtime-annotator.obj : error LNK2019: unresolved external symbol _rs2_query_sensors referenced in function "public: class std::vector<class rs2::sensor,class std::allocator<class rs2::sensor> > __thiscall rs2::device::query_sensors(void)const " (?query_sensors@device@rs2@@QBE?AV?$vector@Vsensor@rs2@@V?$allocator@Vsensor@rs2@@@std@@@std@@XZ)
realtime-annotator.obj : error LNK2019: unresolved external symbol _rs2_get_frame_number referenced in function "public: __thiscall rs2::frame::frame(struct rs2_frame *)" (??0frame@rs2@@QAE@PAUrs2_frame@@@Z)
realtime-annotator.obj : error LNK2019: unresolved external symbol _rs2_get_frame_data referenced in function "public: void const * __thiscall rs2::frame::get_data(void)const " (?get_data@frame@rs2@@QBEPBXXZ)
realtime-annotator.obj : error LNK2019: unresolved external symbol _rs2_frame_add_ref referenced in function "protected: void __thiscall rs2::frame::add_ref(void)const " (?add_ref@frame@rs2@@IBEXXZ)
realtime-annotator.obj : error LNK2019: unresolved external symbol _rs2_release_frame referenced in function "public: __thiscall rs2::frame::~frame(void)" (??1frame@rs2@@QAE@XZ)
realtime-annotator.obj : error LNK2019: unresolved external symbol _rs2_get_frame_stream_profile referenced in function "public: __thiscall rs2::frame::frame(struct rs2_frame *)" (??0frame@rs2@@QAE@PAUrs2_frame@@@Z)
realtime-annotator.obj : error LNK2019: unresolved external symbol _rs2_is_frame_extendable_to referenced in function "public: __thiscall rs2::frameset::frameset(class rs2::frame const &)" (??0frameset@rs2@@QAE@ABVframe@1@@Z)
realtime-annotator.obj : error LNK2019: unresolved external symbol _rs2_extract_frame referenced in function "public: void __thiscall rs2::frameset::foreach<class <lambda_1e829e8da2d9ef26fe66466cd52ed211> >(class <lambda_1e829e8da2d9ef26fe66466cd52ed211>)const " (??$foreach@V<lambda_1e829e8da2d9ef26fe66466cd52ed211>@@@frameset@rs2@@QBEXV<lambda_1e829e8da2d9ef26fe66466cd52ed211>@@@Z)
realtime-annotator.obj : error LNK2019: unresolved external symbol _rs2_embedded_frames_count referenced in function "public: __thiscall rs2::frameset::frameset(class rs2::frame const &)" (??0frameset@rs2@@QAE@ABVframe@1@@Z)
realtime-annotator.obj : error LNK2019: unresolved external symbol _rs2_start_processing referenced in function "public: void __thiscall rs2::processing_block::start<class rs2::frame_queue>(class rs2::frame_queue)" (??$start@Vframe_queue@rs2@@@processing_block@rs2@@QAEXVframe_queue@1@@Z)
realtime-annotator.obj : error LNK2019: unresolved external symbol _rs2_process_frame referenced in function "public: void __thiscall rs2::processing_block::invoke(class rs2::frame)const " (?invoke@processing_block@rs2@@QBEXVframe@2@@Z)
realtime-annotator.obj : error LNK2019: unresolved external symbol _rs2_delete_processing_block referenced in function "public: __thiscall rs2::align::align(enum rs2_stream)" (??0align@rs2@@QAE@W4rs2_stream@@@Z)
realtime-annotator.obj : error LNK2019: unresolved external symbol _rs2_create_frame_queue referenced in function "public: __thiscall rs2::frame_queue::frame_queue(unsigned int)" (??0frame_queue@rs2@@QAE@I@Z)
realtime-annotator.obj : error LNK2019: unresolved external symbol _rs2_delete_frame_queue referenced in function "public: __thiscall rs2::frame_queue::frame_queue(unsigned int)" (??0frame_queue@rs2@@QAE@I@Z)
realtime-annotator.obj : error LNK2019: unresolved external symbol _rs2_poll_for_frame referenced in function "public: bool __thiscall rs2::frame_queue::poll_for_frame<class rs2::frame>(class rs2::frame *)const " (??$poll_for_frame@Vframe@rs2@@@frame_queue@rs2@@QBE_NPAVframe@1@@Z)
realtime-annotator.obj : error LNK2019: unresolved external symbol _rs2_enqueue_frame referenced in function "public: void __thiscall rs2::frame_queue::enqueue(class rs2::frame)const " (?enqueue@frame_queue@rs2@@QBEXVframe@2@@Z)
realtime-annotator.obj : error LNK2019: unresolved external symbol _rs2_create_align referenced in function "public: __thiscall rs2::align::align(enum rs2_stream)" (??0align@rs2@@QAE@W4rs2_stream@@@Z)
realtime-annotator.obj : error LNK2019: unresolved external symbol _rs2_create_pipeline referenced in function "public: __thiscall rs2::pipeline::pipeline(class rs2::context)" (??0pipeline@rs2@@QAE@Vcontext@1@@Z)
realtime-annotator.obj : error LNK2019: unresolved external symbol _rs2_pipeline_wait_for_frames referenced in function "public: class rs2::frameset __thiscall rs2::pipeline::wait_for_frames(unsigned int)const " (?wait_for_frames@pipeline@rs2@@QBE?AVframeset@2@I@Z)
realtime-annotator.obj : error LNK2019: unresolved external symbol _rs2_delete_pipeline referenced in function "public: __thiscall rs2::pipeline::pipeline(class rs2::context)" (??0pipeline@rs2@@QAE@Vcontext@1@@Z)
realtime-annotator.obj : error LNK2019: unresolved external symbol _rs2_pipeline_start_with_config referenced in function "public: class rs2::pipeline_profile __thiscall rs2::pipeline::start(class rs2::config const &)" (?start@pipeline@rs2@@QAE?AVpipeline_profile@2@ABVconfig@2@@Z)
realtime-annotator.obj : error LNK2019: unresolved external symbol _rs2_pipeline_profile_get_device referenced in function "public: class rs2::device __thiscall rs2::pipeline_profile::get_device(void)const " (?get_device@pipeline_profile@rs2@@QBE?AVdevice@2@XZ)
realtime-annotator.obj : error LNK2019: unresolved external symbol _rs2_pipeline_profile_get_streams referenced in function "public: class std::vector<class rs2::stream_profile,class std::allocator<class rs2::stream_profile> > __thiscall rs2::pipeline_profile::get_streams(void)const " (?get_streams@pipeline_profile@rs2@@QBE?AV?$vector@Vstream_profile@rs2@@V?$allocator@Vstream_profile@rs2@@@std@@@std@@XZ)
realtime-annotator.obj : error LNK2019: unresolved external symbol _rs2_delete_pipeline_profile referenced in function "public: class rs2::pipeline_profile __thiscall rs2::pipeline::start(class rs2::config const &)" (?start@pipeline@rs2@@QAE?AVpipeline_profile@2@ABVconfig@2@@Z)
realtime-annotator.obj : error LNK2019: unresolved external symbol _rs2_create_config referenced in function "public: __thiscall rs2::config::config(void)" (??0config@rs2@@QAE@XZ)
realtime-annotator.obj : error LNK2019: unresolved external symbol _rs2_delete_config referenced in function "public: __thiscall rs2::config::config(void)" (??0config@rs2@@QAE@XZ)
realtime-annotator.obj : error LNK2019: unresolved external symbol _rs2_config_enable_stream referenced in function "public: void __thiscall rs2::config::enable_stream(enum rs2_stream,int,int,int,enum rs2_format,int)" (?enable_stream@config@rs2@@QAEXW4rs2_stream@@HHHW4rs2_format@@H@Z)
C:\Users\migue\Documents\_TFG\Visual Studio\hand_tracking_samples_D400-master\realtime-annotator\realtime-annotator-vs2017_Debug_Win32.exe : fatal error LNK1120: 54 unresolved externals
